==============================================================================
20180129 17:05:16.944 - INFO - + START SUITE: Acceptancetest [ ]
==============================================================================
20180129 17:05:16.993 - INFO - +- START SUITE: Acceptancetest.HelloWorldTests [ ]
==============================================================================
20180129 17:05:16.998 - INFO - +-- START TEST: Say Hello [ ]
------------------------------------------------------------------------------
20180129 17:05:17.002 - INFO - +--- START KW: keywords.CustomKeywords.Greet Everyone [ ]
20180129 17:05:17.009 - INFO - +--- END KW: keywords.CustomKeywords.Greet Everyone (7)
------------------------------------------------------------------------------
20180129 17:05:17.015 - INFO - +-- END TEST: Say Hello (14)
------------------------------------------------------------------------------
20180129 17:05:17.019 - INFO - +-- START TEST: Say Hello In Pig Latin [ ]
------------------------------------------------------------------------------
20180129 17:05:17.024 - INFO - +--- START KW: keywords.CustomKeywords.Reverse Greet Everyone [ ]
20180129 17:05:17.029 - INFO - +--- END KW: keywords.CustomKeywords.Reverse Greet Everyone (4)
------------------------------------------------------------------------------
20180129 17:05:17.032 - INFO - +-- END TEST: Say Hello In Pig Latin (13)
------------------------------------------------------------------------------
20180129 17:05:17.034 - INFO - +-- START TEST: Make Sure You're Saying Hello [ ]
------------------------------------------------------------------------------
20180129 17:05:17.038 - INFO - +--- START KW: keywords.CustomKeywords.Greet Everyone [ ]
20180129 17:05:17.041 - INFO - ${result} = hello world
20180129 17:05:17.044 - INFO - +--- END KW: keywords.CustomKeywords.Greet Everyone (5)
~~~~~~~~~~~~~~~~~~~~~~~~~~~~~~~~~~~~~~~~~~~~~~~~~~~~~~~~~~~~~~~~~~~~~~~~~~~~~~
20180129 17:05:17.045 - INFO - +--- START KW: BuiltIn.Should Be Equal [ ${result} | hello world ]
20180129 17:05:17.051 - INFO - +--- END KW: BuiltIn.Should Be Equal (5)
------------------------------------------------------------------------------
20180129 17:05:17.054 - INFO - +-- END TEST: Make Sure You're Saying Hello (19)
------------------------------------------------------------------------------
20180129 17:05:17.056 - INFO - +-- START TEST: Make A Test That Fails [ ]
------------------------------------------------------------------------------
20180129 17:05:17.059 - INFO - +--- START KW: keywords.CustomKeywords.Reverse Greet Everyone [ ]
20180129 17:05:17.063 - INFO - ${result} = dlrow olleh
20180129 17:05:17.065 - INFO - +--- END KW: keywords.CustomKeywords.Reverse Greet Everyone (5)
~~~~~~~~~~~~~~~~~~~~~~~~~~~~~~~~~~~~~~~~~~~~~~~~~~~~~~~~~~~~~~~~~~~~~~~~~~~~~~
20180129 17:05:17.067 - INFO - +--- START KW: BuiltIn.Should Be Equal [ ${result} | dlrow olleh ]
20180129 17:05:17.075 - INFO - +--- END KW: BuiltIn.Should Be Equal (7)
------------------------------------------------------------------------------
20180129 17:05:17.080 - INFO - +-- END TEST: Make A Test That Fails (22)
------------------------------------------------------------------------------
20180129 17:05:17.097 - INFO - +- END SUITE: Acceptancetest.HelloWorldTests (137)
==============================================================================
20180129 17:05:17.120 - INFO - + END SUITE: Acceptancetest (440)
==============================================================================
